2gua.rainbow-brackets
aaron-bond.better-comments
bbenoist.vagrant
DavidAnson.vscode-markdownlint
dracula-theme.theme-dracula
eamodio.gitlens
EditorConfig.EditorConfig
EliverLara.andromeda
janjoerke.jenkins-pipeline-linter-connector
jolaleye.horizon-theme-vscode
mauve.terraform
ms-python.python
ms-vscode.Go
ms-vscode.PowerShell
PeterJausovec.vscode-docker
PKief.material-icon-theme
prkns.purrp-vscode
rust-lang.rust
samuelcolvin.jinjahtml
sdras.night-owl
shardulm94.trailing-spaces
streetsidesoftware.code-spell-checker
vadimcn.vscode-lldb
vscodevim.vim
vscoss.vscode-ansible
wayou.vscode-todo-highlight
wesbos.theme-cobalt2
yummygum.city-lights-theme
zhuangtongfa.Material-theme
